<?xml version="1.0" encoding="UTF-8"?>
<!-- Generated by org.testng.reporters.JUnitXMLReporter -->
<testsuite ignored="0" hostname="LAPTOP-RHEKKJV4" failures="0" tests="9" name="SalesForceContactsTest" time="103.249" errors="0" timestamp="2024-10-26T17:05:31 EDT">
  <testcase classname="com.automation.test.Contacts" name="create_NewContact" time="5.765"/>
  <testcase classname="com.automation.base.SalesForceLogin" name="Login_SalesForce" time="0.958"/>
  <testcase classname="com.automation.test.Contacts" name="ViewContact" time="3.06"/>
  <testcase classname="com.automation.test.Contacts" name="save_NewButtonContact" time="4.571"/>
  <testcase classname="com.automation.test.Contacts" name="inValid_createNewViewContact" time="3.63"/>
  <testcase classname="com.automation.test.Contacts" name="cancel_createNewViewContact" time="6.118"/>
  <testcase classname="com.automation.test.Contacts" name="check_MyContact" time="2.905"/>
  <testcase classname="com.automation.test.Contacts" name="create_NewViewContact" time="5.741"/>
  <testcase classname="com.automation.test.Contacts" name="check_recentlyCreatedContact" time="8.252"/>
</testsuite> <!-- SalesForceContactsTest -->
