<?xml version="1.0" encoding="UTF-8"?>
<!-- Generated by org.testng.reporters.JUnitXMLReporter -->
<testsuite ignored="0" hostname="LAPTOP-RHEKKJV4" failures="0" tests="6" name="SalesForceLeadTest" time="72.134" errors="0" timestamp="2024-10-26T17:06:43 EDT">
  <testcase classname="com.automation.test.LeadScripts" name="select_TodaysLead" time="4.091"/>
  <testcase classname="com.automation.base.SalesForceLogin" name="Login_SalesForce" time="2.991"/>
  <testcase classname="com.automation.test.LeadScripts" name="check_LeadTabLink" time="2.258"/>
  <testcase classname="com.automation.test.LeadScripts" name="check_LeadsSelectView" time="2.682"/>
  <testcase classname="com.automation.test.LeadScripts" name="check_TodaysLeadGo" time="12.031"/>
  <testcase classname="com.automation.test.LeadScripts" name="new_TodaysLeadSave" time="7.862"/>
</testsuite> <!-- SalesForceLeadTest -->
