<?xml version="1.0" encoding="UTF-8"?>
<!-- Generated by org.testng.reporters.JUnitXMLReporter -->
<testsuite ignored="0" hostname="LAPTOP-RHEKKJV4" failures="0" tests="6" name="SalesForceLoginTest" time="52.537" errors="0" timestamp="2024-10-26T17:03:47 EDT">
  <testcase classname="com.automation.base.SalesForceLogin" name="Login_SalesForce" time="2.462"/>
  <testcase classname="com.automation.test.LoginScripts" name="invalid_Login" time="0.716"/>
  <testcase classname="com.automation.test.LoginScripts" name="rememberme_Login" time="4.624"/>
  <testcase classname="com.automation.test.LoginScripts" name="forgotpwd_invalid" time="1.084"/>
  <testcase classname="com.automation.test.LoginScripts" name="forgotpwd_validation" time="0.649"/>
  <testcase classname="com.automation.test.LoginScripts" name="valid_Login" time="1.47"/>
</testsuite> <!-- SalesForceLoginTest -->
