<?xml version="1.0" encoding="UTF-8"?>
<!-- Generated by org.testng.reporters.JUnitXMLReporter -->
<testsuite ignored="0" hostname="LAPTOP-RHEKKJV4" failures="0" tests="6" name="SalesForceOpportunitiesScriptsTest" time="74.543" errors="0" timestamp="2024-10-26T17:09:20 EDT">
  <testcase classname="com.automation.base.SalesForceLogin" name="Login_SalesForce" time="1.117"/>
  <testcase classname="com.automation.test.OpportunitiesScripts" name="opp_Dropdown" time="5.149"/>
  <testcase classname="com.automation.test.OpportunitiesScripts" name="create_NewOpportunity" time="7.907"/>
  <testcase classname="com.automation.test.OpportunitiesScripts" name="test_OppPipelineReport" time="7.469"/>
  <testcase classname="com.automation.test.OpportunitiesScripts" name="test_OppStuckReport" time="4.824"/>
  <testcase classname="com.automation.test.OpportunitiesScripts" name="test_QuarterlySummaryReport" time="6.323"/>
</testsuite> <!-- SalesForceOpportunitiesScriptsTest -->
